<?xml version="1.0" encoding="UTF-8"?>
<!-- Generated by org.testng.reporters.JUnitXMLReporter -->
<testsuite ignored="0" hostname="Garvits-MacBook-Air.local" failures="1" tests="2" name="RegisterAndLoginTests" time="21.136" errors="0" timestamp="2026-05-25T11:40:12 IST">
  <testcase classname="com.classplus.tests.RegisterTest" name="registerFlowCreatesUserAndNavigatesHome" time="8.635">
    <failure type="java.lang.AssertionError" message="Registration failed in UI: Error: Failed to fetch">
      <![CDATA[java.lang.AssertionError: Registration failed in UI: Error: Failed to fetch
at com.classplus.tests.RegisterTest.registerFlowCreatesUserAndNavigatesHome(RegisterTest.java:45)
at java.base/java.util.ArrayList.forEach(ArrayList.java:1612)
... Removed 30 stack frames]]>
    </failure>
  </testcase> <!-- registerFlowCreatesUserAndNavigatesHome -->
  <testcase classname="com.classplus.tests.LoginTest" name="loginFormAcceptsInput" time="2.894"/>
</testsuite> <!-- RegisterAndLoginTests -->
