<?xml version="1.0" encoding="UTF-8"?>
<!-- Generated by org.testng.reporters.JUnitXMLReporter -->
<testsuite ignored="0" hostname="Garvits-MacBook-Air.local" failures="0" tests="2" name="RegisterAndLoginTests" time="18.869" errors="0" timestamp="2026-05-25T12:01:31 IST">
  <testcase classname="com.classplus.tests.RegisterTest" name="registerFlowCreatesUserAndNavigatesHome" time="7.011"/>
  <testcase classname="com.classplus.tests.LoginTest" name="loginFormAcceptsInput" time="2.471"/>
</testsuite> <!-- RegisterAndLoginTests -->
