<?xml version="1.0" encoding="UTF-8"?>
<testng-results ignored="0" total="2" passed="2" failed="0" skipped="0">
  <reporter-output>
  </reporter-output>
  <suite started-at="2026-05-25T12:01:12 IST" name="ClassPlus UI Suite" finished-at="2026-05-25T12:01:31 IST" duration-ms="18869">
    <groups>
    </groups>
    <test started-at="2026-05-25T12:01:12 IST" name="RegisterAndLoginTests" finished-at="2026-05-25T12:01:31 IST" duration-ms="18869">
      <class name="com.classplus.tests.LoginTest">
        <test-method is-config="true" signature="setUp()[pri:0, instance:com.classplus.tests.LoginTest@222114ba]" started-at="2026-05-25T12:01:24 IST" name="setUp" finished-at="2026-05-25T12:01:25 IST" duration-ms="981" status="PASS">
          <reporter-output>
          </reporter-output>
        </test-method> <!-- setUp -->
        <test-method signature="loginFormAcceptsInput()[pri:0, instance:com.classplus.tests.LoginTest@222114ba]" started-at="2026-05-25T12:01:25 IST" name="loginFormAcceptsInput" description="Verify login form fields accept input" finished-at="2026-05-25T12:01:28 IST" duration-ms="2471" status="PASS">
          <reporter-output>
          </reporter-output>
        </test-method> <!-- loginFormAcceptsInput -->
        <test-method is-config="true" signature="tearDown()[pri:0, instance:com.classplus.tests.LoginTest@222114ba]" started-at="2026-05-25T12:01:28 IST" name="tearDown" finished-at="2026-05-25T12:01:31 IST" duration-ms="3281" status="PASS">
          <reporter-output>
          </reporter-output>
        </test-method> <!-- tearDown -->
      </class> <!-- com.classplus.tests.LoginTest -->
      <class name="com.classplus.tests.RegisterTest">
        <test-method is-config="true" signature="setUp()[pri:0, instance:com.classplus.tests.RegisterTest@38c5cc4c]" started-at="2026-05-25T12:01:12 IST" name="setUp" finished-at="2026-05-25T12:01:14 IST" duration-ms="1812" status="PASS">
          <reporter-output>
          </reporter-output>
        </test-method> <!-- setUp -->
        <test-method signature="registerFlowCreatesUserAndNavigatesHome()[pri:0, instance:com.classplus.tests.RegisterTest@38c5cc4c]" started-at="2026-05-25T12:01:14 IST" name="registerFlowCreatesUserAndNavigatesHome" description="Full registration flow: fill form, submit and verify navigation to home" finished-at="2026-05-25T12:01:21 IST" duration-ms="7011" status="PASS">
          <reporter-output>
          </reporter-output>
        </test-method> <!-- registerFlowCreatesUserAndNavigatesHome -->
        <test-method is-config="true" signature="tearDown()[pri:0, instance:com.classplus.tests.RegisterTest@38c5cc4c]" started-at="2026-05-25T12:01:21 IST" name="tearDown" finished-at="2026-05-25T12:01:24 IST" duration-ms="3297" status="PASS">
          <reporter-output>
          </reporter-output>
        </test-method> <!-- tearDown -->
      </class> <!-- com.classplus.tests.RegisterTest -->
    </test> <!-- RegisterAndLoginTests -->
  </suite> <!-- ClassPlus UI Suite -->
</testng-results>
